0 info it worked if it ends with ok
1 verbose cli [ '/usr/local/bin/node', '/usr/local/bin/npm', 'publish' ]
2 info using npm@1.3.11
3 info using node@v0.10.21
4 verbose publish [ '.' ]
5 verbose cache add [ '.', null ]
6 verbose cache add name=undefined spec="." args=[".",null]
7 verbose parsed url { protocol: null,
7 verbose parsed url   slashes: null,
7 verbose parsed url   auth: null,
7 verbose parsed url   host: null,
7 verbose parsed url   port: null,
7 verbose parsed url   hostname: null,
7 verbose parsed url   hash: null,
7 verbose parsed url   search: null,
7 verbose parsed url   query: null,
7 verbose parsed url   pathname: '.',
7 verbose parsed url   path: '.',
7 verbose parsed url   href: '.' }
8 silly lockFile 3a52ce78- .
9 verbose lock . /home/rob/.npm/3a52ce78-.lock
10 verbose tar pack [ '/home/rob/tmp/npm-15833-JY9utYV7/1383954786383-0.35696016112342477/tmp.tgz',
10 verbose tar pack   '.' ]
11 verbose tarball /home/rob/tmp/npm-15833-JY9utYV7/1383954786383-0.35696016112342477/tmp.tgz
12 verbose folder .
13 silly lockFile 1f1177db-tar tar://.
14 verbose lock tar://. /home/rob/.npm/1f1177db-tar.lock
15 silly lockFile b8dfb50d-6383-0-35696016112342477-tmp-tgz tar:///home/rob/tmp/npm-15833-JY9utYV7/1383954786383-0.35696016112342477/tmp.tgz
16 verbose lock tar:///home/rob/tmp/npm-15833-JY9utYV7/1383954786383-0.35696016112342477/tmp.tgz /home/rob/.npm/b8dfb50d-6383-0-35696016112342477-tmp-tgz.lock
17 silly lockFile 1f1177db-tar tar://.
18 silly lockFile 1f1177db-tar tar://.
19 silly lockFile b8dfb50d-6383-0-35696016112342477-tmp-tgz tar:///home/rob/tmp/npm-15833-JY9utYV7/1383954786383-0.35696016112342477/tmp.tgz
20 silly lockFile b8dfb50d-6383-0-35696016112342477-tmp-tgz tar:///home/rob/tmp/npm-15833-JY9utYV7/1383954786383-0.35696016112342477/tmp.tgz
21 verbose tar unpack /home/rob/tmp/npm-15833-JY9utYV7/1383954786383-0.35696016112342477/tmp.tgz
22 silly lockFile f38bd732-6383-0-35696016112342477-package tar:///home/rob/tmp/npm-15833-JY9utYV7/1383954786383-0.35696016112342477/package
23 verbose lock tar:///home/rob/tmp/npm-15833-JY9utYV7/1383954786383-0.35696016112342477/package /home/rob/.npm/f38bd732-6383-0-35696016112342477-package.lock
24 silly lockFile b8dfb50d-6383-0-35696016112342477-tmp-tgz tar:///home/rob/tmp/npm-15833-JY9utYV7/1383954786383-0.35696016112342477/tmp.tgz
25 verbose lock tar:///home/rob/tmp/npm-15833-JY9utYV7/1383954786383-0.35696016112342477/tmp.tgz /home/rob/.npm/b8dfb50d-6383-0-35696016112342477-tmp-tgz.lock
26 silly gunzTarPerm modes [ '755', '644' ]
27 silly gunzTarPerm extractEntry package.json
28 silly gunzTarPerm modified mode [ 'package.json', 436, 420 ]
29 silly gunzTarPerm extractEntry README.md
30 silly gunzTarPerm modified mode [ 'README.md', 436, 420 ]
31 silly gunzTarPerm extractEntry index.js
32 silly gunzTarPerm modified mode [ 'index.js', 436, 420 ]
33 silly gunzTarPerm extractEntry MIT-LICENSE
34 silly gunzTarPerm modified mode [ 'MIT-LICENSE', 436, 420 ]
35 silly gunzTarPerm extractEntry test/json-filter.js
36 silly gunzTarPerm modified mode [ 'test/json-filter.js', 436, 420 ]
37 silly gunzTarPerm extractEntry test/override.js
38 silly gunzTarPerm modified mode [ 'test/override.js', 436, 420 ]
39 silly gunzTarPerm extractEntry test/pick.js
40 silly gunzTarPerm modified mode [ 'test/pick.js', 436, 420 ]
41 silly gunzTarPerm extractEntry test/stream.js
42 silly gunzTarPerm modified mode [ 'test/stream.js', 436, 420 ]
43 silly gunzTarPerm extractEntry test/fixtures/input.txt
44 silly gunzTarPerm modified mode [ 'test/fixtures/input.txt', 436, 420 ]
45 silly lockFile f38bd732-6383-0-35696016112342477-package tar:///home/rob/tmp/npm-15833-JY9utYV7/1383954786383-0.35696016112342477/package
46 silly lockFile f38bd732-6383-0-35696016112342477-package tar:///home/rob/tmp/npm-15833-JY9utYV7/1383954786383-0.35696016112342477/package
47 silly lockFile b8dfb50d-6383-0-35696016112342477-tmp-tgz tar:///home/rob/tmp/npm-15833-JY9utYV7/1383954786383-0.35696016112342477/tmp.tgz
48 silly lockFile b8dfb50d-6383-0-35696016112342477-tmp-tgz tar:///home/rob/tmp/npm-15833-JY9utYV7/1383954786383-0.35696016112342477/tmp.tgz
49 verbose tar pack [ '/home/rob/.npm/json-filter/0.2.0/package.tgz',
49 verbose tar pack   '/home/rob/tmp/npm-15833-JY9utYV7/1383954786383-0.35696016112342477/package' ]
50 verbose tarball /home/rob/.npm/json-filter/0.2.0/package.tgz
51 verbose folder /home/rob/tmp/npm-15833-JY9utYV7/1383954786383-0.35696016112342477/package
52 silly lockFile f38bd732-6383-0-35696016112342477-package tar:///home/rob/tmp/npm-15833-JY9utYV7/1383954786383-0.35696016112342477/package
53 verbose lock tar:///home/rob/tmp/npm-15833-JY9utYV7/1383954786383-0.35696016112342477/package /home/rob/.npm/f38bd732-6383-0-35696016112342477-package.lock
54 silly lockFile 204dcac9-pm-json-filter-0-2-0-package-tgz tar:///home/rob/.npm/json-filter/0.2.0/package.tgz
55 verbose lock tar:///home/rob/.npm/json-filter/0.2.0/package.tgz /home/rob/.npm/204dcac9-pm-json-filter-0-2-0-package-tgz.lock
56 silly lockFile f38bd732-6383-0-35696016112342477-package tar:///home/rob/tmp/npm-15833-JY9utYV7/1383954786383-0.35696016112342477/package
57 silly lockFile f38bd732-6383-0-35696016112342477-package tar:///home/rob/tmp/npm-15833-JY9utYV7/1383954786383-0.35696016112342477/package
58 silly lockFile 204dcac9-pm-json-filter-0-2-0-package-tgz tar:///home/rob/.npm/json-filter/0.2.0/package.tgz
59 silly lockFile 204dcac9-pm-json-filter-0-2-0-package-tgz tar:///home/rob/.npm/json-filter/0.2.0/package.tgz
60 silly lockFile b22a6fe2-ob-npm-json-filter-0-2-0-package /home/rob/.npm/json-filter/0.2.0/package
61 verbose lock /home/rob/.npm/json-filter/0.2.0/package /home/rob/.npm/b22a6fe2-ob-npm-json-filter-0-2-0-package.lock
62 silly lockFile b22a6fe2-ob-npm-json-filter-0-2-0-package /home/rob/.npm/json-filter/0.2.0/package
63 silly lockFile b22a6fe2-ob-npm-json-filter-0-2-0-package /home/rob/.npm/json-filter/0.2.0/package
64 verbose tar unpack /home/rob/.npm/json-filter/0.2.0/package.tgz
65 silly lockFile a6e3e2c7-ob-npm-json-filter-0-2-0-package tar:///home/rob/.npm/json-filter/0.2.0/package
66 verbose lock tar:///home/rob/.npm/json-filter/0.2.0/package /home/rob/.npm/a6e3e2c7-ob-npm-json-filter-0-2-0-package.lock
67 silly lockFile 204dcac9-pm-json-filter-0-2-0-package-tgz tar:///home/rob/.npm/json-filter/0.2.0/package.tgz
68 verbose lock tar:///home/rob/.npm/json-filter/0.2.0/package.tgz /home/rob/.npm/204dcac9-pm-json-filter-0-2-0-package-tgz.lock
69 silly gunzTarPerm modes [ '755', '644' ]
70 silly gunzTarPerm extractEntry package.json
71 silly gunzTarPerm extractEntry README.md
72 silly gunzTarPerm extractEntry index.js
73 silly gunzTarPerm extractEntry MIT-LICENSE
74 silly gunzTarPerm extractEntry test/json-filter.js
75 silly gunzTarPerm extractEntry test/override.js
76 silly gunzTarPerm extractEntry test/pick.js
77 silly gunzTarPerm extractEntry test/stream.js
78 silly gunzTarPerm extractEntry test/fixtures/input.txt
79 silly lockFile a6e3e2c7-ob-npm-json-filter-0-2-0-package tar:///home/rob/.npm/json-filter/0.2.0/package
80 silly lockFile a6e3e2c7-ob-npm-json-filter-0-2-0-package tar:///home/rob/.npm/json-filter/0.2.0/package
81 silly lockFile 204dcac9-pm-json-filter-0-2-0-package-tgz tar:///home/rob/.npm/json-filter/0.2.0/package.tgz
82 silly lockFile 204dcac9-pm-json-filter-0-2-0-package-tgz tar:///home/rob/.npm/json-filter/0.2.0/package.tgz
83 verbose chmod /home/rob/.npm/json-filter/0.2.0/package.tgz 644
84 verbose chown /home/rob/.npm/json-filter/0.2.0/package.tgz [ 1000, 1000 ]
85 silly lockFile 3a52ce78- .
86 silly lockFile 3a52ce78- .
87 silly publish { name: 'json-filter',
87 silly publish   description: 'JSON-Filter makes it possible to transform and read (JSON) objects using dot notation.',
87 silly publish   version: '0.2.0',
87 silly publish   author: { name: 'Rob Halff', email: 'rob.halff@gmail.com' },
87 silly publish   repository:
87 silly publish    { type: 'git',
87 silly publish      url: 'git://github.com/rhalff/json-filter.js.git' },
87 silly publish   bugs: { url: 'https://github.com/rhalff/json-filter.js/issues' },
87 silly publish   main: 'index',
87 silly publish   scripts: { test: 'mocha' },
87 silly publish   devDependencies:
87 silly publish    { 'underscore.string': 'latest',
87 silly publish      mocha: '1.x.x',
87 silly publish      should: '1.x.x',
87 silly publish      grunt: '0.x.x',
87 silly publish      'grunt-release': '0.x.x',
87 silly publish      'grunt-contrib-watch': '0.x.x',
87 silly publish      'grunt-shell': '0.x.x' },
87 silly publish   keywords: [ 'json', 'filter', 'transform', 'dot notation', 'dot' ],
87 silly publish   readme: '[![Build Status](https://travis-ci.org/rhalff/json-filter.png)](https://travis-ci.org/rhalff/json-filter)\n\nJSON-Filter\n========\n\nJSON-Filter makes it possible to transform json objects using dot notation.\n\nThe input can be interpreted as a transform object.\n\nThere are many usecases where this comes in handy.\n\nFor example defining transformation filters for your JSON or\ntranslating SQL results on the fly to JSON (using dotted __AS__ notation).\n\n\ne.g.\n\n```javascript\nvar JSF = require(\'json-filter\');\n\nvar jsf = new JSF();\n\nvar row = {\n  \'id\': 2,\n  \'contact.name.first\': \'John\',\n  \'contact.name.last\': \'Doe\',\n  \'contact.email\': \'example@gmail.com\',\n  \'contact.info.about.me\': \'classified\'\n};\n\njsf.object(row);\n\nconsole.log(row);\n```\n\nWill result in the following object:\n\n```json\n{\n  "id": 2,\n  "contact": {\n    "name": {\n      "first": "John",\n      "last": "Doe"\n    },\n    "email": "example@gmail.com",\n    "info": {\n      "about": {\n      "me": "classified"\n      }\n    }\n  }\n}\n```\n\nTo convert manually per string use:\n```javascript\nvar JSF = require(\'json-filter\');\n\nvar jsf = new JSF();\n\nvar obj = { val: \'test\' };\njsf.str(\'this.is.my.string\', \'value\', obj);\n\nconsole.log(obj);\n```\nResult:\n```json\n{\n  "val": "test",\n  "this": {\n    "is": {\n      "my": {\n        "string": "value"\n      }\n    }\n  }\n}\n```\n\nThe code will throw an exception if you try to redefine a value which is already set. \n\nLast but not least, there is a convenience method to pick a value using dot notation:\n```\nvar obj = {\n some: {\n   nested: {\n     value: \'Hi there!\'\n   }\n }\n};\n\nvar val = jsf.pick(\'some.nested.key\', obj);\nconsole.log(val);\n```\nResult:\n```json\nHi there!\n```\n\n## Using modifiers\n\nYou can use modifiers to translate values on the fly.\n\nThis example uses the [underscore.string](https://github.com/epeli/underscore.string) library.\n\n\n\n```javascript\nvar JSF = require(\'json-filter\');\n\nvar jsf = new JSF();\n\nvar _s = require(\'underscore.string\');\n\nvar row = {\n  \'nr\': 200,\n  \'doc.name\': \'    My Document   \' \n};\n\nvar mods = {\n  "doc.name": [_s.trim, _s.underscored],\n};\n\njsf.object(row, mods);\n\nconsole.log(row);\n```\n\n```\n{\n  "nr": 200,\n  "doc": {\n    "name": "my_document"\n  }\n}\n```\n\nOr using .str() directy:\n\n```javascript\n\nvar JSF = require(\'json-filter\');\nvar _s = require(\'underscore.string\');\nvar obj = { id: 100 };\n\nvar jsf = new JSF();\n\n// use one modifier\njsf.str(\'my.title\', \'this is my title\', obj, _s.slugify);\n\n// multiple modifiers\njsf.str(\'my.title\', \'   this is my title  \', obj, [_s.trim, _s.slugify]);\n\nconsole.log(obj);\n```\nResult:\n```json\n{\n  "id": 100,\n  "my": {\n    "title": "this-is-my-title"\n  }\n}\n```\n\n## Using a different seperator \n\nIf you do not like dot notation, you are free to specify a different seperator.\n\n```javascript\nvar JSF = require(\'json-filter\');\n\nvar jsf = new JSF(\'->\');\n\nvar _s = require(\'underscore.string\');\n\nvar row = {\n  \'nr\': 200,\n  \'doc->name\': \'    My Document   \' \n};\n\nvar mods = {\n  "doc->name": [_s.trim, _s.underscored],\n};\n\njsf.object(row, mods);\n\nconsole.log(row);\n```\n\n```\n{\n  "nr": 200,\n  "doc": {\n    "name": "my_document"\n  }\n}\n```\n\n## Transforming SQL results to JSON\n\nSQL translation on the fly:\n\n```javascript\n // TODO\n\n```\n\n\n> Copyright © 2013 Rob Halff, released under the MIT license\n',
87 silly publish   readmeFilename: 'README.md',
87 silly publish   _id: 'json-filter@0.2.0',
87 silly publish   dist: { shasum: '4fec0612f5477e2a8e8b830608604077683e368f' },
87 silly publish   _from: '.' }
88 verbose url raw json-filter
89 verbose url resolving [ 'https://registry.npmjs.org/', './json-filter' ]
90 verbose url resolved https://registry.npmjs.org/json-filter
91 info trying registry request attempt 1 at 00:53:06
92 http PUT https://registry.npmjs.org/json-filter
93 http 409 https://registry.npmjs.org/json-filter
94 verbose url raw json-filter
95 verbose url resolving [ 'https://registry.npmjs.org/', './json-filter' ]
96 verbose url resolved https://registry.npmjs.org/json-filter
97 info trying registry request attempt 1 at 00:53:08
98 http GET https://registry.npmjs.org/json-filter
99 http 200 https://registry.npmjs.org/json-filter
100 verbose uploading [ 'json-filter/-/json-filter-0.2.0.tgz/-rev/3-3e247f78c9d234350b7615d0f4cbc949',
100 verbose uploading   '/home/rob/.npm/json-filter/0.2.0/package.tgz' ]
101 verbose url raw json-filter/-/json-filter-0.2.0.tgz/-rev/3-3e247f78c9d234350b7615d0f4cbc949
102 verbose url resolving [ 'https://registry.npmjs.org/',
102 verbose url resolving   './json-filter/-/json-filter-0.2.0.tgz/-rev/3-3e247f78c9d234350b7615d0f4cbc949' ]
103 verbose url resolved https://registry.npmjs.org/json-filter/-/json-filter-0.2.0.tgz/-rev/3-3e247f78c9d234350b7615d0f4cbc949
104 info trying registry request attempt 1 at 00:53:10
105 http PUT https://registry.npmjs.org/json-filter/-/json-filter-0.2.0.tgz/-rev/3-3e247f78c9d234350b7615d0f4cbc949
106 http 403 https://registry.npmjs.org/json-filter/-/json-filter-0.2.0.tgz/-rev/3-3e247f78c9d234350b7615d0f4cbc949
107 info trying registry request attempt 1 at 00:53:14
108 http PUT https://registry.npmjs.org/json-filter/-/json-filter-0.2.0.tgz/-rev/3-3e247f78c9d234350b7615d0f4cbc949
109 http 403 https://registry.npmjs.org/json-filter/-/json-filter-0.2.0.tgz/-rev/3-3e247f78c9d234350b7615d0f4cbc949
110 error publish Error uploading package
111 error Error: forbidden user: rhalff not authorized to modify json-filter
111 error Added: _attachments.json-filter-0.2.0.tgz: json-filter/-/json-filter-0.2.0.tgz/-rev/3-3e247f78c9d234350b7615d0f4cbc949
111 error     at RegClient.<anonymous> (/usr/local/lib/node_modules/npm/node_modules/npm-registry-client/lib/request.js:272:14)
111 error     at Request.self.callback (/usr/local/lib/node_modules/npm/node_modules/request/request.js:129:22)
111 error     at Request.EventEmitter.emit (events.js:98:17)
111 error     at Request.<anonymous> (/usr/local/lib/node_modules/npm/node_modules/request/request.js:873:14)
111 error     at Request.EventEmitter.emit (events.js:117:20)
111 error     at IncomingMessage.<anonymous> (/usr/local/lib/node_modules/npm/node_modules/request/request.js:824:12)
111 error     at IncomingMessage.EventEmitter.emit (events.js:117:20)
111 error     at _stream_readable.js:920:16
111 error     at process._tickCallback (node.js:415:13)
112 error If you need help, you may report this log at:
112 error     <http://github.com/isaacs/npm/issues>
112 error or email it to:
112 error     <npm-@googlegroups.com>
113 error System Linux 3.2.0-54-lowlatency
114 error command "/usr/local/bin/node" "/usr/local/bin/npm" "publish"
115 error cwd /home/rob/git/json-filter
116 error node -v v0.10.21
117 error npm -v 1.3.11
118 verbose exit [ 1, true ]
